2020-09-04 15:03:37,650 WARNING pubilc.py check_login_status sql_lite None
2020-09-04 15:05:27,829 WARNING pubilc.py check_login_status sql_lite None
2020-09-04 15:06:36,130 WARNING pubilc.py check_login_status sql_lite <comm.operateSqlite.AirDataBase object at 0x10dd8bcf8>
2020-09-04 15:07:28,050 WARNING pubilc.py check_login_status sql_lite <comm.operateSqlite.AirDataBase object at 0x10adf5cf8>
2020-09-04 15:11:44,748 WARNING pubilc.py check_login_status sql_lite <comm.operateSqlite.AirDataBase object at 0x10843e7f0>
2020-09-04 15:11:44,800 INFO main_win.py __init__ mainwindow init
2020-09-04 15:11:47,004 WARNING main_win.py setData 'Ui_MainWindow' object has no attribute 'detail_tx_status_list'
2020-09-04 15:11:47,005 INFO main_win.py setData set data
2020-09-04 15:12:17,879 WARNING pubilc.py check_login_status sql_lite <comm.operateSqlite.AirDataBase object at 0x10d5637f0>
2020-09-04 15:12:17,931 INFO main_win.py __init__ mainwindow init
2020-09-04 15:12:19,114 WARNING main_win.py setData 'Ui_MainWindow' object has no attribute 'detail_tx_status_list'
2020-09-04 15:12:19,114 INFO main_win.py setData set data
2020-09-04 15:15:03,671 WARNING pubilc.py check_login_status sql_lite <comm.operateSqlite.AirDataBase object at 0x102c0f7f0>
2020-09-04 15:15:03,742 INFO main_win.py __init__ mainwindow init
2020-09-04 15:15:05,025 WARNING main_win.py setData 'Ui_MainWindow' object has no attribute 'detail_tx_status_list'
2020-09-04 15:15:05,026 INFO main_win.py setData set data
2020-09-04 15:15:05,204 INFO settings.py __init__ init begin
2020-09-04 15:17:05,349 WARNING pubilc.py check_login_status sql_lite <comm.operateSqlite.AirDataBase object at 0x10dfab7f0>
2020-09-04 15:17:05,397 INFO main_win.py __init__ mainwindow init
2020-09-04 15:17:06,767 WARNING main_win.py setData 'Ui_MainWindow' object has no attribute 'detail_tx_status_list'
2020-09-04 15:17:06,767 INFO main_win.py setData set data
2020-09-04 15:17:06,912 INFO settings.py __init__ init begin
2020-09-04 15:20:19,320 WARNING pubilc.py check_login_status sql_lite <comm.operateSqlite.AirDataBase object at 0x10bba87f0>
2020-09-04 15:20:19,375 INFO main_win.py __init__ mainwindow init
2020-09-04 15:20:20,634 WARNING main_win.py setData 'Ui_MainWindow' object has no attribute 'detail_tx_status_list'
2020-09-04 15:20:20,635 INFO main_win.py setData set data
2020-09-04 15:20:20,799 INFO settings.py __init__ init begin
2020-09-04 15:20:20,800 INFO settings.py set_data data init end
2020-09-04 15:26:09,410 WARNING pubilc.py check_login_status sql_lite <comm.operateSqlite.AirDataBase object at 0x1069e97f0>
2020-09-04 15:26:09,468 INFO main_win.py __init__ mainwindow init
2020-09-04 15:26:11,321 WARNING main_win.py setData 'Ui_MainWindow' object has no attribute 'detail_tx_status_list'
2020-09-04 15:26:11,322 INFO main_win.py setData set data
2020-09-04 15:26:11,482 INFO settings.py __init__ init begin
2020-09-04 15:26:11,483 INFO settings.py set_data data init end
2020-09-04 15:26:14,418 INFO user_dlg.py __init__ __init__
2020-09-04 15:26:14,422 INFO user_dlg.py __init__ end init
2020-09-04 15:28:05,611 WARNING pubilc.py check_login_status sql_lite <comm.operateSqlite.AirDataBase object at 0x10a36a7f0>
2020-09-04 15:28:05,666 INFO main_win.py __init__ mainwindow init
2020-09-04 15:28:06,946 WARNING main_win.py setData 'Ui_MainWindow' object has no attribute 'detail_tx_status_list'
2020-09-04 15:28:06,947 INFO main_win.py setData set data
2020-09-04 15:28:07,090 INFO settings.py __init__ init begin
2020-09-04 15:28:07,092 INFO settings.py set_data data init end
2020-09-04 15:28:10,116 ERROR note.py get_notes 'AirDataBase' object has no attribute 'cursor'
2020-09-04 15:33:35,129 WARNING pubilc.py check_login_status sql_lite <comm.operateSqlite.AirDataBase object at 0x10b4b07f0>
2020-09-04 15:33:35,180 INFO main_win.py __init__ mainwindow init
2020-09-04 15:33:36,707 WARNING main_win.py setData 'Ui_MainWindow' object has no attribute 'detail_tx_status_list'
2020-09-04 15:33:36,708 INFO main_win.py setData set data
2020-09-04 15:33:36,855 INFO settings.py __init__ init begin
2020-09-04 15:33:36,857 INFO settings.py set_data data init end
2020-09-04 15:33:39,128 INFO email.py __init__ begin
2020-09-04 15:38:12,121 WARNING pubilc.py check_login_status sql_lite <comm.operateSqlite.AirDataBase object at 0x1026007f0>
2020-09-04 15:38:12,171 INFO main_win.py __init__ mainwindow init
2020-09-04 15:38:13,810 WARNING main_win.py setData 'Ui_MainWindow' object has no attribute 'detail_tx_status_list'
2020-09-04 15:38:13,811 INFO main_win.py setData set data
2020-09-04 15:38:13,986 INFO settings.py __init__ init begin
2020-09-04 15:38:13,988 INFO settings.py set_data data init end
2020-09-04 15:38:19,810 INFO email.py __init__ begin
2020-09-04 15:39:43,985 WARNING pubilc.py check_login_status sql_lite <comm.operateSqlite.AirDataBase object at 0x10d1447f0>
2020-09-04 15:39:44,030 INFO main_win.py __init__ mainwindow init
2020-09-04 15:39:45,529 WARNING main_win.py setData 'Ui_MainWindow' object has no attribute 'detail_tx_status_list'
2020-09-04 15:39:45,529 INFO main_win.py setData set data
2020-09-04 15:39:45,709 INFO settings.py __init__ init begin
2020-09-04 15:39:45,713 INFO settings.py set_data data init end
2020-09-04 15:39:49,205 INFO email.py __init__ begin
2020-09-04 15:41:09,332 ERROR note.py get_notes 'AirDataBase' object has no attribute 'cursor'
2020-09-04 15:51:11,046 WARNING pubilc.py check_login_status sql_lite <comm.operateSqlite.AirDataBase object at 0x1044507b8>
2020-09-04 15:51:11,105 INFO main_win.py __init__ mainwindow init
2020-09-04 15:51:12,842 WARNING main_win.py setData 'Ui_MainWindow' object has no attribute 'detail_tx_status_list'
2020-09-04 15:51:12,842 INFO main_win.py setData set data
2020-09-04 15:51:13,033 INFO settings.py __init__ init begin
2020-09-04 15:51:13,035 INFO settings.py set_data data init end
2020-09-04 15:54:46,810 WARNING pubilc.py check_login_status sql_lite <comm.operateSqlite.AirDataBase object at 0x101dad7f0>
2020-09-04 15:54:46,863 INFO main_win.py __init__ mainwindow init
2020-09-04 15:54:48,609 WARNING main_win.py setData 'Ui_MainWindow' object has no attribute 'detail_tx_status_list'
2020-09-04 15:54:48,610 INFO main_win.py setData set data
2020-09-04 15:54:48,749 INFO settings.py __init__ init begin
2020-09-04 15:54:48,751 INFO settings.py set_data data init end
2020-09-04 15:55:38,401 WARNING pubilc.py check_login_status sql_lite <comm.operateSqlite.AirDataBase object at 0x10edff7f0>
2020-09-04 15:55:38,475 INFO main_win.py __init__ mainwindow init
2020-09-04 15:55:39,815 WARNING main_win.py setData 'Ui_MainWindow' object has no attribute 'detail_tx_status_list'
2020-09-04 15:55:39,815 INFO main_win.py setData set data
2020-09-04 15:55:39,962 INFO settings.py __init__ init begin
2020-09-04 15:55:39,964 INFO settings.py set_data data init end
2020-09-04 15:59:03,901 WARNING pubilc.py check_login_status sql_lite <comm.operateSqlite.AirDataBase object at 0x10fb567f0>
2020-09-04 15:59:03,962 INFO main_win.py __init__ mainwindow init
2020-09-04 15:59:05,428 WARNING main_win.py setData 'Ui_MainWindow' object has no attribute 'detail_tx_status_list'
2020-09-04 15:59:05,428 INFO main_win.py setData set data
2020-09-04 15:59:05,587 INFO settings.py __init__ init begin
2020-09-04 15:59:05,588 INFO settings.py set_data data init end
2020-09-04 16:00:52,396 WARNING pubilc.py check_login_status sql_lite <comm.operateSqlite.AirDataBase object at 0x10fdf87b8>
2020-09-04 16:00:52,443 INFO main_win.py __init__ mainwindow init
2020-09-04 16:00:54,169 WARNING main_win.py setData 'Ui_MainWindow' object has no attribute 'detail_tx_status_list'
2020-09-04 16:00:54,170 INFO main_win.py setData set data
2020-09-04 16:00:54,335 INFO settings.py __init__ init begin
2020-09-04 16:00:54,337 INFO settings.py set_data data init end
2020-09-04 16:00:57,316 WARNING main_win.py check {'username': 'visitor', 'token': ''}
2020-09-04 16:00:59,726 INFO main_win.py setData set data
2020-09-04 16:01:03,753 ERROR note.py get_notes 'AirDataBase' object has no attribute 'cursor'
2020-09-04 16:01:07,146 ERROR note.py get_notes 'AirDataBase' object has no attribute 'cursor'
2020-09-04 16:02:44,038 INFO email.py __init__ begin
2020-09-04 16:02:48,013 INFO email.py __init__ begin
2020-09-04 16:05:19,692 WARNING pubilc.py check_login_status sql_lite <comm.operateSqlite.AirDataBase object at 0x1060917f0>
2020-09-04 16:05:19,754 INFO main_win.py __init__ mainwindow init
2020-09-04 16:05:21,013 WARNING main_win.py setData 'Ui_MainWindow' object has no attribute 'detail_tx_status_list'
2020-09-04 16:05:21,013 INFO main_win.py setData set data
2020-09-04 16:05:21,280 INFO settings.py __init__ init begin
2020-09-04 16:05:21,283 INFO settings.py set_data data init end
2020-09-04 16:05:33,272 INFO settings.py set_data data init end
2020-11-10 17:32:11,879 INFO main_win.py __init__ mainwindow init
2020-11-10 18:22:46,934 INFO main_win.py __init__ mainwindow init
2020-11-10 18:23:14,998 INFO main_win.py __init__ mainwindow init
2020-11-10 18:23:14,999 ERROR note.py get_notes name 'exec_sql' is not defined
2020-11-10 18:27:58,827 INFO main_win.py __init__ mainwindow init
2020-11-10 18:27:58,832 ERROR note.py get_notes string indices must be integers
2020-11-10 18:32:44,123 INFO main_win.py __init__ mainwindow init
2020-11-10 18:32:44,129 WARNING main_win.py setData 'Ui_MainWindow' object has no attribute 'detail_tx_status_list'
2020-11-10 18:32:44,130 INFO main_win.py setData set data
2020-11-10 18:32:44,567 INFO settings.py __init__ init begin
2020-11-10 18:32:44,569 INFO settings.py set_data data init end
2020-11-10 18:32:48,223 INFO user_dlg.py __init__ __init__
2020-11-10 18:32:48,227 INFO user_dlg.py __init__ end init
2020-11-10 18:32:51,990 INFO user_dlg.py __init__ __init__
2020-11-10 18:32:51,992 INFO user_dlg.py __init__ end init
2020-11-10 18:32:54,879 INFO user_dlg.py __init__ __init__
2020-11-10 18:32:54,881 INFO user_dlg.py __init__ end init
2020-11-10 18:38:56,654 INFO main_win.py __init__ mainwindow init
2020-11-10 18:38:56,660 WARNING main_win.py setData 'Ui_MainWindow' object has no attribute 'detail_tx_status_list'
2020-11-10 18:38:56,660 INFO main_win.py setData set data
2020-11-10 18:38:56,877 INFO settings.py __init__ init begin
2020-11-10 18:38:56,881 INFO settings.py set_data data init end
2020-11-10 18:40:45,320 INFO main_win.py __init__ mainwindow init
2020-11-10 18:40:45,324 WARNING main_win.py setData 'Ui_MainWindow' object has no attribute 'detail_tx_status_list'
2020-11-10 18:40:45,324 INFO main_win.py setData set data
2020-11-10 18:40:45,650 INFO settings.py __init__ init begin
2020-11-10 18:40:45,655 INFO settings.py set_data data init end
2020-11-10 18:40:48,309 INFO user_dlg.py __init__ __init__
2020-11-10 18:40:48,312 INFO user_dlg.py __init__ end init
2020-11-10 18:41:36,891 INFO main_win.py __init__ mainwindow init
2020-11-10 18:41:36,893 WARNING main_win.py setData 'Ui_MainWindow' object has no attribute 'detail_tx_status_list'
2020-11-10 18:41:36,893 INFO main_win.py setData set data
2020-11-10 18:41:37,027 INFO settings.py __init__ init begin
2020-11-10 18:41:37,029 INFO settings.py set_data data init end
2020-11-10 18:41:38,975 INFO user_dlg.py __init__ __init__
2020-11-10 18:41:38,978 INFO user_dlg.py __init__ end init
2020-11-10 18:46:22,681 INFO main_win.py __init__ mainwindow init
2020-11-10 18:46:22,685 WARNING main_win.py setData 'Ui_MainWindow' object has no attribute 'detail_tx_status_list'
2020-11-10 18:46:22,685 INFO main_win.py setData set data
2020-11-10 18:46:22,874 INFO settings.py __init__ init begin
2020-11-10 18:46:22,877 INFO settings.py set_data data init end
2020-11-10 18:46:27,832 INFO user_dlg.py __init__ __init__
2020-11-10 18:46:27,837 INFO user_dlg.py __init__ end init
2020-11-10 18:46:51,760 INFO main_win.py __init__ mainwindow init
2020-11-10 18:46:51,762 WARNING main_win.py setData 'Ui_MainWindow' object has no attribute 'detail_tx_status_list'
2020-11-10 18:46:51,762 INFO main_win.py setData set data
2020-11-10 18:46:51,902 INFO settings.py __init__ init begin
2020-11-10 18:46:51,904 INFO settings.py set_data data init end
2020-11-10 18:46:54,597 INFO user_dlg.py __init__ __init__
2020-11-10 18:46:54,599 INFO user_dlg.py __init__ end init
2020-11-10 18:47:16,737 INFO user_dlg.py __init__ __init__
2020-11-10 18:47:16,739 INFO user_dlg.py __init__ end init
